0 verbose cli /usr/local/bin/node /usr/local/bin/npm
1 info using npm@11.8.0
2 info using node@v24.12.0
3 silly config load:file:/usr/local/lib/node_modules/npm/npmrc
4 silly config load:file:/Users/adithyakrishnan/problem fixer/newsletter-platform/.npmrc
5 silly config load:file:/Users/adithyakrishnan/.npmrc
6 silly config load:file:/usr/local/etc/npmrc
7 verbose title npm install lucide-react clsx tailwind-merge framer-motion @supabase/ssr @supabase/supabase-js resend
8 verbose argv "install" "lucide-react" "clsx" "tailwind-merge" "framer-motion" "@supabase/ssr" "@supabase/supabase-js" "resend"
9 verbose logfile logs-max:10 dir:/Users/adithyakrishnan/problem fixer/newsletter-platform/npm-cache/_logs/2026-02-10T11_34_04_136Z-
10 verbose logfile /Users/adithyakrishnan/problem fixer/newsletter-platform/npm-cache/_logs/2026-02-10T11_34_04_136Z-debug-0.log
11 silly logfile done cleaning log files
12 silly packumentCache heap:4496293888 maxSize:1124073472 maxEntrySize:562036736
13 silly idealTree buildDeps
14 silly fetch manifest lucide-react@*
15 silly packumentCache full:https://registry.npmjs.org/lucide-react cache-miss
16 http fetch GET https://registry.npmjs.org/lucide-react attempt 1 failed with ECONNRESET
17 http fetch GET https://registry.npmjs.org/npm attempt 1 failed with ECONNRESET
18 http fetch GET https://registry.npmjs.org/npm attempt 2 failed with ECONNRESET
19 http fetch GET https://registry.npmjs.org/lucide-react attempt 2 failed with ECONNRESET
20 http fetch GET 200 https://registry.npmjs.org/lucide-react 104073ms attempt #3 (cache miss)
21 silly packumentCache full:https://registry.npmjs.org/lucide-react set size:undefined disposed:false
22 silly fetch manifest react@19.2.3
23 silly packumentCache full:https://registry.npmjs.org/react cache-miss
24 http fetch GET 200 https://registry.npmjs.org/npm 104200ms attempt #3
25 http fetch GET 200 https://registry.npmjs.org/react 186ms (cache miss)
26 silly packumentCache full:https://registry.npmjs.org/react set size:undefined disposed:false
27 silly fetch manifest clsx@*
28 silly packumentCache full:https://registry.npmjs.org/clsx cache-miss
29 http fetch GET 200 https://registry.npmjs.org/clsx 343ms (cache miss)
30 silly packumentCache full:https://registry.npmjs.org/clsx set size:undefined disposed:false
31 silly fetch manifest tailwind-merge@*
32 silly packumentCache full:https://registry.npmjs.org/tailwind-merge cache-miss
33 http fetch GET 200 https://registry.npmjs.org/tailwind-merge 79ms (cache miss)
34 silly packumentCache full:https://registry.npmjs.org/tailwind-merge set size:undefined disposed:false
35 silly fetch manifest framer-motion@*
36 silly packumentCache full:https://registry.npmjs.org/framer-motion cache-miss
37 http fetch GET 200 https://registry.npmjs.org/framer-motion 166ms (cache miss)
38 silly packumentCache full:https://registry.npmjs.org/framer-motion set size:undefined disposed:false
39 silly fetch manifest @emotion/is-prop-valid@*
40 silly packumentCache full:https://registry.npmjs.org/@emotion%2fis-prop-valid cache-miss
41 http fetch GET 200 https://registry.npmjs.org/@emotion%2fis-prop-valid 67ms (cache miss)
42 silly packumentCache full:https://registry.npmjs.org/@emotion%2fis-prop-valid set size:undefined disposed:false
43 silly fetch manifest react-dom@19.2.3
44 silly packumentCache full:https://registry.npmjs.org/react-dom cache-miss
45 http fetch GET 200 https://registry.npmjs.org/react-dom 214ms (cache miss)
46 silly packumentCache full:https://registry.npmjs.org/react-dom set size:undefined disposed:false
47 silly fetch manifest @supabase/ssr@*
48 silly packumentCache full:https://registry.npmjs.org/@supabase%2fssr cache-miss
49 http fetch GET 200 https://registry.npmjs.org/@supabase%2fssr 800ms (cache miss)
50 silly packumentCache full:https://registry.npmjs.org/@supabase%2fssr set size:undefined disposed:false
51 silly fetch manifest @supabase/supabase-js@*
52 silly packumentCache full:https://registry.npmjs.org/@supabase%2fsupabase-js cache-miss
53 http fetch GET 200 https://registry.npmjs.org/@supabase%2fsupabase-js 116ms (cache miss)
54 silly packumentCache full:https://registry.npmjs.org/@supabase%2fsupabase-js set size:undefined disposed:false
55 silly fetch manifest resend@*
56 silly packumentCache full:https://registry.npmjs.org/resend cache-miss
57 http fetch GET 200 https://registry.npmjs.org/resend 271ms (cache miss)
58 silly packumentCache full:https://registry.npmjs.org/resend set size:undefined disposed:false
59 silly fetch manifest @react-email/render@*
60 silly packumentCache full:https://registry.npmjs.org/@react-email%2frender cache-miss
61 http fetch GET 200 https://registry.npmjs.org/@react-email%2frender 773ms (cache miss)
62 silly packumentCache full:https://registry.npmjs.org/@react-email%2frender set size:undefined disposed:false
63 silly placeDep ROOT @supabase/ssr@0.8.0 OK for: newsletter-platform@0.1.0 want: *
64 silly placeDep ROOT @supabase/supabase-js@2.95.3 OK for: @supabase/ssr@0.8.0 want: ^2.76.1
65 silly placeDep ROOT @supabase/supabase-js@2.95.3 REPLACE for: newsletter-platform@0.1.0 want: *
66 silly placeDep ROOT clsx@2.1.1 OK for: newsletter-platform@0.1.0 want: *
67 silly placeDep ROOT framer-motion@12.34.0 OK for: newsletter-platform@0.1.0 want: *
68 silly placeDep ROOT lucide-react@0.563.0 OK for: newsletter-platform@0.1.0 want: *
69 silly placeDep ROOT resend@6.9.1 OK for: newsletter-platform@0.1.0 want: *
70 silly placeDep ROOT tailwind-merge@3.4.0 OK for: newsletter-platform@0.1.0 want: *
71 silly fetch manifest cookie@^1.0.2
72 silly packumentCache full:https://registry.npmjs.org/cookie cache-miss
73 silly fetch manifest @supabase/auth-js@2.95.3
74 silly packumentCache full:https://registry.npmjs.org/@supabase%2fauth-js cache-miss
75 silly fetch manifest @supabase/functions-js@2.95.3
76 silly packumentCache full:https://registry.npmjs.org/@supabase%2ffunctions-js cache-miss
77 silly fetch manifest @supabase/postgrest-js@2.95.3
78 silly packumentCache full:https://registry.npmjs.org/@supabase%2fpostgrest-js cache-miss
79 silly fetch manifest @supabase/realtime-js@2.95.3
80 silly packumentCache full:https://registry.npmjs.org/@supabase%2frealtime-js cache-miss
81 silly fetch manifest @supabase/storage-js@2.95.3
82 silly packumentCache full:https://registry.npmjs.org/@supabase%2fstorage-js cache-miss
83 silly fetch manifest @supabase/auth-js@2.95.3
84 silly packumentCache full:https://registry.npmjs.org/@supabase%2fauth-js cache-miss
85 silly fetch manifest @supabase/functions-js@2.95.3
86 silly packumentCache full:https://registry.npmjs.org/@supabase%2ffunctions-js cache-miss
87 silly fetch manifest @supabase/postgrest-js@2.95.3
88 silly packumentCache full:https://registry.npmjs.org/@supabase%2fpostgrest-js cache-miss
89 http fetch GET 200 https://registry.npmjs.org/cookie 60ms (cache miss)
90 silly packumentCache full:https://registry.npmjs.org/cookie set size:undefined disposed:false
91 silly fetch manifest @supabase/realtime-js@2.95.3
92 silly packumentCache full:https://registry.npmjs.org/@supabase%2frealtime-js cache-miss
93 http fetch GET 200 https://registry.npmjs.org/@supabase%2frealtime-js 91ms (cache miss)
94 silly packumentCache full:https://registry.npmjs.org/@supabase%2frealtime-js set size:undefined disposed:false
95 silly fetch manifest @supabase/storage-js@2.95.3
96 silly packumentCache full:https://registry.npmjs.org/@supabase%2fstorage-js cache-miss
97 http fetch GET 200 https://registry.npmjs.org/@supabase%2ffunctions-js 158ms (cache miss)
98 silly packumentCache full:https://registry.npmjs.org/@supabase%2ffunctions-js set size:undefined disposed:false
99 silly fetch manifest motion-dom@^12.34.0
100 silly packumentCache full:https://registry.npmjs.org/motion-dom cache-miss
101 http fetch GET 200 https://registry.npmjs.org/@supabase%2ffunctions-js 175ms (cache miss)
102 silly packumentCache full:https://registry.npmjs.org/@supabase%2ffunctions-js set size:undefined disposed:false
103 silly fetch manifest motion-utils@^12.29.2
104 silly packumentCache full:https://registry.npmjs.org/motion-utils cache-miss
105 http fetch GET 200 https://registry.npmjs.org/@supabase%2fpostgrest-js 218ms (cache miss)
106 silly packumentCache full:https://registry.npmjs.org/@supabase%2fpostgrest-js set size:undefined disposed:false
107 silly fetch manifest mailparser@3.9.1
108 silly packumentCache full:https://registry.npmjs.org/mailparser cache-miss
109 http fetch GET 200 https://registry.npmjs.org/motion-dom 63ms (cache miss)
110 silly packumentCache full:https://registry.npmjs.org/motion-dom set size:undefined disposed:false
111 silly fetch manifest svix@1.84.1
112 silly packumentCache full:https://registry.npmjs.org/svix cache-miss
113 http fetch GET 200 https://registry.npmjs.org/motion-utils 50ms (cache miss)
114 silly packumentCache full:https://registry.npmjs.org/motion-utils set size:undefined disposed:false
115 http fetch GET 200 https://registry.npmjs.org/@supabase%2fstorage-js 80ms (cache miss)
116 silly packumentCache full:https://registry.npmjs.org/@supabase%2fstorage-js set size:undefined disposed:false
117 http fetch GET 200 https://registry.npmjs.org/@supabase%2fpostgrest-js 245ms (cache miss)
118 silly packumentCache full:https://registry.npmjs.org/@supabase%2fpostgrest-js set size:undefined disposed:false
119 http fetch GET 200 https://registry.npmjs.org/mailparser 264ms (cache miss)
120 silly packumentCache full:https://registry.npmjs.org/mailparser set size:undefined disposed:false
121 http fetch GET 200 https://registry.npmjs.org/@supabase%2fauth-js 640ms (cache miss)
122 silly packumentCache full:https://registry.npmjs.org/@supabase%2fauth-js set size:undefined disposed:false
123 http fetch GET 200 https://registry.npmjs.org/@supabase%2fauth-js 646ms (cache miss)
124 silly packumentCache full:https://registry.npmjs.org/@supabase%2fauth-js set size:undefined disposed:false
125 http fetch GET 200 https://registry.npmjs.org/svix 699ms (cache miss)
126 silly packumentCache full:https://registry.npmjs.org/svix set size:undefined disposed:false
127 silly placeDep ROOT cookie@1.1.1 OK for: @supabase/ssr@0.8.0 want: ^1.0.2
128 silly placeDep ROOT @supabase/auth-js@2.95.3 OK for: @supabase/supabase-js@2.95.3 want: 2.95.3
129 silly placeDep ROOT @supabase/functions-js@2.95.3 OK for: @supabase/supabase-js@2.95.3 want: 2.95.3
130 silly placeDep ROOT @supabase/postgrest-js@2.95.3 OK for: @supabase/supabase-js@2.95.3 want: 2.95.3
131 silly placeDep ROOT @supabase/realtime-js@2.95.3 OK for: @supabase/supabase-js@2.95.3 want: 2.95.3
132 silly placeDep ROOT @supabase/storage-js@2.95.3 OK for: @supabase/supabase-js@2.95.3 want: 2.95.3
133 silly fetch manifest @types/phoenix@^1.6.6
134 silly packumentCache full:https://registry.npmjs.org/@types%2fphoenix cache-miss
135 silly fetch manifest @types/ws@^8.18.1
136 silly packumentCache full:https://registry.npmjs.org/@types%2fws cache-miss
137 silly fetch manifest ws@^8.18.2
138 silly packumentCache full:https://registry.npmjs.org/ws cache-miss
139 silly fetch manifest iceberg-js@^0.8.1
140 silly packumentCache full:https://registry.npmjs.org/iceberg-js cache-miss
141 http fetch GET 200 https://registry.npmjs.org/ws 149ms (cache miss)
142 silly packumentCache full:https://registry.npmjs.org/ws set size:undefined disposed:false
143 http fetch GET 200 https://registry.npmjs.org/@types%2fws 156ms (cache miss)
144 silly packumentCache full:https://registry.npmjs.org/@types%2fws set size:undefined disposed:false
145 http fetch GET 200 https://registry.npmjs.org/@types%2fphoenix 395ms (cache miss)
146 silly packumentCache full:https://registry.npmjs.org/@types%2fphoenix set size:undefined disposed:false
147 http fetch GET 200 https://registry.npmjs.org/iceberg-js 450ms (cache miss)
148 silly packumentCache full:https://registry.npmjs.org/iceberg-js set size:undefined disposed:false
149 silly fetch manifest bufferutil@^4.0.1
150 silly packumentCache full:https://registry.npmjs.org/bufferutil cache-miss
151 http fetch GET 200 https://registry.npmjs.org/bufferutil 45ms (cache miss)
152 silly packumentCache full:https://registry.npmjs.org/bufferutil set size:undefined disposed:false
153 silly fetch manifest utf-8-validate@>=5.0.2
154 silly packumentCache full:https://registry.npmjs.org/utf-8-validate cache-miss
155 http fetch GET 200 https://registry.npmjs.org/utf-8-validate 49ms (cache miss)
156 silly packumentCache full:https://registry.npmjs.org/utf-8-validate set size:undefined disposed:false
157 silly placeDep ROOT @types/phoenix@1.6.7 OK for: @supabase/realtime-js@2.95.3 want: ^1.6.6
158 silly placeDep ROOT @types/ws@8.18.1 OK for: @supabase/realtime-js@2.95.3 want: ^8.18.1
159 silly placeDep ROOT ws@8.19.0 OK for: @supabase/realtime-js@2.95.3 want: ^8.18.2
160 silly placeDep ROOT iceberg-js@0.8.1 OK for: @supabase/storage-js@2.95.3 want: ^0.8.1
161 silly placeDep ROOT motion-dom@12.34.0 OK for: framer-motion@12.34.0 want: ^12.34.0
162 silly placeDep ROOT motion-utils@12.29.2 OK for: framer-motion@12.34.0 want: ^12.29.2
163 silly placeDep ROOT mailparser@3.9.1 OK for: resend@6.9.1 want: 3.9.1
164 silly placeDep ROOT svix@1.84.1 OK for: resend@6.9.1 want: 1.84.1
165 silly fetch manifest he@1.2.0
166 silly packumentCache full:https://registry.npmjs.org/he cache-miss
167 silly fetch manifest tlds@1.261.0
168 silly packumentCache full:https://registry.npmjs.org/tlds cache-miss
169 silly fetch manifest libmime@5.3.7
170 silly packumentCache full:https://registry.npmjs.org/libmime cache-miss
171 silly fetch manifest iconv-lite@0.7.0
172 silly packumentCache full:https://registry.npmjs.org/iconv-lite cache-miss
173 silly fetch manifest linkify-it@5.0.0
174 silly packumentCache full:https://registry.npmjs.org/linkify-it cache-miss
175 silly fetch manifest nodemailer@7.0.11
176 silly packumentCache full:https://registry.npmjs.org/nodemailer cache-miss
177 silly fetch manifest punycode.js@2.3.1
178 silly packumentCache full:https://registry.npmjs.org/punycode.js cache-miss
179 silly fetch manifest html-to-text@9.0.5
180 silly packumentCache full:https://registry.npmjs.org/html-to-text cache-miss
181 silly fetch manifest encoding-japanese@2.2.0
182 silly packumentCache full:https://registry.npmjs.org/encoding-japanese cache-miss
183 http fetch GET 200 https://registry.npmjs.org/iconv-lite 47ms (cache miss)
184 silly packumentCache full:https://registry.npmjs.org/iconv-lite set size:undefined disposed:false
185 silly fetch manifest @zone-eu/mailsplit@5.4.8
186 silly packumentCache full:https://registry.npmjs.org/@zone-eu%2fmailsplit cache-miss
187 http fetch GET 200 https://registry.npmjs.org/he 57ms (cache miss)
188 silly packumentCache full:https://registry.npmjs.org/he set size:undefined disposed:false
189 silly fetch manifest standardwebhooks@1.0.0
190 silly packumentCache full:https://registry.npmjs.org/standardwebhooks cache-miss
191 http fetch GET 200 https://registry.npmjs.org/tlds 70ms (cache miss)
192 silly packumentCache full:https://registry.npmjs.org/tlds set size:undefined disposed:false
193 silly fetch manifest uuid@^10.0.0
194 silly packumentCache full:https://registry.npmjs.org/uuid cache-miss
195 http fetch GET 200 https://registry.npmjs.org/libmime 74ms (cache miss)
196 silly packumentCache full:https://registry.npmjs.org/libmime set size:undefined disposed:false
197 http fetch GET 200 https://registry.npmjs.org/encoding-japanese 101ms (cache miss)
198 silly packumentCache full:https://registry.npmjs.org/encoding-japanese set size:undefined disposed:false
199 http fetch GET 200 https://registry.npmjs.org/uuid 54ms (cache miss)
200 silly packumentCache full:https://registry.npmjs.org/uuid set size:undefined disposed:false
201 http fetch GET 200 https://registry.npmjs.org/punycode.js 152ms (cache miss)
202 silly packumentCache full:https://registry.npmjs.org/punycode.js set size:undefined disposed:false
203 http fetch GET 200 https://registry.npmjs.org/linkify-it 189ms (cache miss)
204 silly packumentCache full:https://registry.npmjs.org/linkify-it set size:undefined disposed:false
205 http fetch GET 200 https://registry.npmjs.org/@zone-eu%2fmailsplit 281ms (cache miss)
206 silly packumentCache full:https://registry.npmjs.org/@zone-eu%2fmailsplit set size:undefined disposed:false
207 http fetch GET 200 https://registry.npmjs.org/standardwebhooks 285ms (cache miss)
208 silly packumentCache full:https://registry.npmjs.org/standardwebhooks set size:undefined disposed:false
209 http fetch GET 200 https://registry.npmjs.org/nodemailer 428ms (cache miss)
210 silly packumentCache full:https://registry.npmjs.org/nodemailer set size:undefined disposed:false
211 http fetch GET https://registry.npmjs.org/html-to-text attempt 1 failed with ECONNRESET
212 http fetch GET 200 https://registry.npmjs.org/html-to-text 26070ms attempt #2 (cache miss)
213 silly packumentCache full:https://registry.npmjs.org/html-to-text set size:undefined disposed:false
214 silly placeDep ROOT @zone-eu/mailsplit@5.4.8 OK for: mailparser@3.9.1 want: 5.4.8
215 silly placeDep ROOT encoding-japanese@2.2.0 OK for: mailparser@3.9.1 want: 2.2.0
216 silly placeDep ROOT he@1.2.0 OK for: mailparser@3.9.1 want: 1.2.0
217 silly placeDep ROOT html-to-text@9.0.5 OK for: mailparser@3.9.1 want: 9.0.5
218 silly placeDep ROOT iconv-lite@0.7.0 OK for: mailparser@3.9.1 want: 0.7.0
219 silly placeDep ROOT libmime@5.3.7 OK for: mailparser@3.9.1 want: 5.3.7
220 silly placeDep ROOT linkify-it@5.0.0 OK for: mailparser@3.9.1 want: 5.0.0
221 silly placeDep ROOT nodemailer@7.0.11 OK for: mailparser@3.9.1 want: 7.0.11
222 silly placeDep ROOT punycode.js@2.3.1 OK for: mailparser@3.9.1 want: 2.3.1
223 silly placeDep ROOT tlds@1.261.0 OK for: mailparser@3.9.1 want: 1.261.0
224 silly fetch manifest libbase64@1.3.0
225 silly packumentCache full:https://registry.npmjs.org/libbase64 cache-miss
226 silly fetch manifest libqp@2.1.1
227 silly packumentCache full:https://registry.npmjs.org/libqp cache-miss
228 silly fetch manifest @selderee/plugin-htmlparser2@^0.11.0
229 silly packumentCache full:https://registry.npmjs.org/@selderee%2fplugin-htmlparser2 cache-miss
230 silly fetch manifest deepmerge@^4.3.1
231 silly packumentCache full:https://registry.npmjs.org/deepmerge cache-miss
232 silly fetch manifest dom-serializer@^2.0.0
233 silly packumentCache full:https://registry.npmjs.org/dom-serializer cache-miss
234 silly fetch manifest htmlparser2@^8.0.2
235 silly packumentCache full:https://registry.npmjs.org/htmlparser2 cache-miss
236 silly fetch manifest selderee@^0.11.0
237 silly packumentCache full:https://registry.npmjs.org/selderee cache-miss
238 silly fetch manifest safer-buffer@>= 2.1.2 < 3.0.0
239 silly packumentCache full:https://registry.npmjs.org/safer-buffer cache-miss
240 silly fetch manifest iconv-lite@0.6.3
241 silly packumentCache full:https://registry.npmjs.org/iconv-lite cache-miss
242 http cache https://registry.npmjs.org/iconv-lite 9ms (cache hit)
243 silly packumentCache full:https://registry.npmjs.org/iconv-lite set size:120557 disposed:false
244 silly fetch manifest libbase64@1.3.0
245 silly packumentCache full:https://registry.npmjs.org/libbase64 cache-miss
246 http fetch GET 200 https://registry.npmjs.org/libbase64 37ms (cache miss)
247 silly packumentCache full:https://registry.npmjs.org/libbase64 set size:undefined disposed:false
248 silly fetch manifest libqp@2.1.1
249 silly packumentCache full:https://registry.npmjs.org/libqp cache-miss
250 http fetch GET 200 https://registry.npmjs.org/dom-serializer 53ms (cache miss)
251 silly packumentCache full:https://registry.npmjs.org/dom-serializer set size:undefined disposed:false
252 silly fetch manifest uc.micro@^2.0.0
253 silly packumentCache full:https://registry.npmjs.org/uc.micro cache-miss
254 http fetch GET 200 https://registry.npmjs.org/selderee 56ms (cache miss)
255 silly packumentCache full:https://registry.npmjs.org/selderee set size:undefined disposed:false
256 http fetch GET 200 https://registry.npmjs.org/libqp 58ms (cache miss)
257 silly packumentCache full:https://registry.npmjs.org/libqp set size:undefined disposed:false
258 http fetch GET 200 https://registry.npmjs.org/deepmerge 59ms (cache miss)
259 silly packumentCache full:https://registry.npmjs.org/deepmerge set size:undefined disposed:false
260 http fetch GET 200 https://registry.npmjs.org/@selderee%2fplugin-htmlparser2 75ms (cache miss)
261 silly packumentCache full:https://registry.npmjs.org/@selderee%2fplugin-htmlparser2 set size:undefined disposed:false
262 http fetch GET 200 https://registry.npmjs.org/htmlparser2 76ms (cache miss)
263 silly packumentCache full:https://registry.npmjs.org/htmlparser2 set size:undefined disposed:false
264 http fetch GET 200 https://registry.npmjs.org/safer-buffer 78ms (cache miss)
265 silly packumentCache full:https://registry.npmjs.org/safer-buffer set size:undefined disposed:false
266 http fetch GET 200 https://registry.npmjs.org/libqp 45ms (cache miss)
267 silly packumentCache full:https://registry.npmjs.org/libqp set size:undefined disposed:false
268 http fetch GET 200 https://registry.npmjs.org/uc.micro 43ms (cache miss)
269 silly packumentCache full:https://registry.npmjs.org/uc.micro set size:undefined disposed:false
270 http fetch GET 200 https://registry.npmjs.org/libbase64 154ms (cache miss)
271 silly packumentCache full:https://registry.npmjs.org/libbase64 set size:undefined disposed:false
272 silly placeDep ROOT libbase64@1.3.0 OK for: @zone-eu/mailsplit@5.4.8 want: 1.3.0
273 silly placeDep ROOT libqp@2.1.1 OK for: @zone-eu/mailsplit@5.4.8 want: 2.1.1
274 silly placeDep ROOT @selderee/plugin-htmlparser2@0.11.0 OK for: html-to-text@9.0.5 want: ^0.11.0
275 silly placeDep ROOT deepmerge@4.3.1 OK for: html-to-text@9.0.5 want: ^4.3.1
276 silly placeDep ROOT dom-serializer@2.0.0 OK for: html-to-text@9.0.5 want: ^2.0.0
277 silly placeDep ROOT htmlparser2@8.0.2 OK for: html-to-text@9.0.5 want: ^8.0.2
278 silly placeDep ROOT selderee@0.11.0 OK for: html-to-text@9.0.5 want: ^0.11.0
279 silly fetch manifest domhandler@^5.0.3
280 silly packumentCache full:https://registry.npmjs.org/domhandler cache-miss
281 silly fetch manifest domelementtype@^2.3.0
282 silly packumentCache full:https://registry.npmjs.org/domelementtype cache-miss
283 silly fetch manifest domhandler@^5.0.2
284 silly packumentCache full:https://registry.npmjs.org/domhandler cache-miss
285 silly fetch manifest entities@^4.2.0
286 silly packumentCache full:https://registry.npmjs.org/entities cache-miss
287 silly fetch manifest domutils@^3.0.1
288 silly packumentCache full:https://registry.npmjs.org/domutils cache-miss
289 silly fetch manifest entities@^4.4.0
290 silly packumentCache full:https://registry.npmjs.org/entities cache-miss
291 silly fetch manifest domhandler@^5.0.3
292 silly packumentCache full:https://registry.npmjs.org/domhandler cache-miss
293 silly fetch manifest domelementtype@^2.3.0
294 silly packumentCache full:https://registry.npmjs.org/domelementtype cache-miss
295 silly fetch manifest parseley@^0.12.0
296 silly packumentCache full:https://registry.npmjs.org/parseley cache-miss
297 http fetch GET 200 https://registry.npmjs.org/domhandler 39ms (cache miss)
298 silly packumentCache full:https://registry.npmjs.org/domhandler set size:undefined disposed:false
299 http fetch GET 200 https://registry.npmjs.org/domelementtype 41ms (cache miss)
300 silly packumentCache full:https://registry.npmjs.org/domelementtype set size:undefined disposed:false
301 http fetch GET 200 https://registry.npmjs.org/domhandler 48ms (cache miss)
302 silly packumentCache full:https://registry.npmjs.org/domhandler set size:undefined disposed:false
303 http fetch GET 200 https://registry.npmjs.org/entities 52ms (cache miss)
304 silly packumentCache full:https://registry.npmjs.org/entities set size:undefined disposed:false
305 http fetch GET 200 https://registry.npmjs.org/domelementtype 60ms (cache miss)
306 silly packumentCache full:https://registry.npmjs.org/domelementtype set size:undefined disposed:false
307 http fetch GET 200 https://registry.npmjs.org/domutils 60ms (cache miss)
308 silly packumentCache full:https://registry.npmjs.org/domutils set size:undefined disposed:false
309 http fetch GET 200 https://registry.npmjs.org/parseley 59ms (cache miss)
310 silly packumentCache full:https://registry.npmjs.org/parseley set size:undefined disposed:false
311 http fetch GET 200 https://registry.npmjs.org/domhandler 151ms (cache miss)
312 silly packumentCache full:https://registry.npmjs.org/domhandler set size:undefined disposed:false
313 http fetch GET 200 https://registry.npmjs.org/entities 152ms (cache miss)
314 silly packumentCache full:https://registry.npmjs.org/entities set size:undefined disposed:false
315 silly placeDep ROOT domhandler@5.0.3 OK for: @selderee/plugin-htmlparser2@0.11.0 want: ^5.0.3
316 silly placeDep ROOT domelementtype@2.3.0 OK for: dom-serializer@2.0.0 want: ^2.3.0
317 silly placeDep ROOT entities@4.5.0 OK for: dom-serializer@2.0.0 want: ^4.2.0
318 silly placeDep ROOT domutils@3.2.2 OK for: htmlparser2@8.0.2 want: ^3.0.1
319 silly placeDep ROOT safer-buffer@2.1.2 OK for: iconv-lite@0.7.0 want: >= 2.1.2 < 3.0.0
320 silly placeDep node_modules/libmime iconv-lite@0.6.3 OK for: libmime@5.3.7 want: 0.6.3
321 silly placeDep ROOT uc.micro@2.1.0 OK for: linkify-it@5.0.0 want: ^2.0.0
322 silly placeDep ROOT parseley@0.12.1 OK for: selderee@0.11.0 want: ^0.12.0
323 silly fetch manifest leac@^0.6.0
324 silly packumentCache full:https://registry.npmjs.org/leac cache-miss
325 silly fetch manifest peberminta@^0.9.0
326 silly packumentCache full:https://registry.npmjs.org/peberminta cache-miss
327 http fetch GET 200 https://registry.npmjs.org/leac 36ms (cache miss)
328 silly packumentCache full:https://registry.npmjs.org/leac set size:undefined disposed:false
329 http fetch GET 200 https://registry.npmjs.org/peberminta 56ms (cache miss)
330 silly packumentCache full:https://registry.npmjs.org/peberminta set size:undefined disposed:false
331 silly placeDep ROOT leac@0.6.0 OK for: parseley@0.12.1 want: ^0.6.0
332 silly placeDep ROOT peberminta@0.9.0 OK for: parseley@0.12.1 want: ^0.9.0
333 silly placeDep ROOT standardwebhooks@1.0.0 OK for: svix@1.84.1 want: 1.0.0
334 silly placeDep ROOT uuid@10.0.0 OK for: svix@1.84.1 want: ^10.0.0
335 silly fetch manifest @stablelib/base64@^1.0.0
336 silly packumentCache full:https://registry.npmjs.org/@stablelib%2fbase64 cache-miss
337 silly fetch manifest fast-sha256@^1.3.0
338 silly packumentCache full:https://registry.npmjs.org/fast-sha256 cache-miss
339 http fetch GET 200 https://registry.npmjs.org/fast-sha256 45ms (cache miss)
340 silly packumentCache full:https://registry.npmjs.org/fast-sha256 set size:undefined disposed:false
341 http fetch GET 200 https://registry.npmjs.org/@stablelib%2fbase64 284ms (cache miss)
342 silly packumentCache full:https://registry.npmjs.org/@stablelib%2fbase64 set size:undefined disposed:false
343 silly placeDep ROOT @stablelib/base64@1.0.1 OK for: standardwebhooks@1.0.0 want: ^1.0.0
344 silly placeDep ROOT fast-sha256@1.3.0 OK for: standardwebhooks@1.0.0 want: ^1.3.0
345 silly reify moves {}
346 silly audit bulk request {
346 silly audit   '@alloc/quick-lru': [ '5.2.0' ],
346 silly audit   '@babel/code-frame': [ '7.29.0' ],
346 silly audit   '@babel/compat-data': [ '7.29.0' ],
346 silly audit   '@babel/core': [ '7.29.0' ],
346 silly audit   '@babel/generator': [ '7.29.1' ],
346 silly audit   '@babel/helper-compilation-targets': [ '7.28.6' ],
346 silly audit   '@babel/helper-globals': [ '7.28.0' ],
346 silly audit   '@babel/helper-module-imports': [ '7.28.6' ],
346 silly audit   '@babel/helper-module-transforms': [ '7.28.6' ],
346 silly audit   '@babel/helper-string-parser': [ '7.27.1' ],
346 silly audit   '@babel/helper-validator-identifier': [ '7.28.5' ],
346 silly audit   '@babel/helper-validator-option': [ '7.27.1' ],
346 silly audit   '@babel/helpers': [ '7.28.6' ],
346 silly audit   '@babel/parser': [ '7.29.0' ],
346 silly audit   '@babel/template': [ '7.28.6' ],
346 silly audit   '@babel/traverse': [ '7.29.0' ],
346 silly audit   '@babel/types': [ '7.29.0' ],
346 silly audit   '@emnapi/core': [ '1.8.1' ],
346 silly audit   '@emnapi/runtime': [ '1.8.1' ],
346 silly audit   '@emnapi/wasi-threads': [ '1.1.0' ],
346 silly audit   '@eslint-community/eslint-utils': [ '4.9.1' ],
346 silly audit   'eslint-visitor-keys': [ '3.4.3', '4.2.1' ],
346 silly audit   '@eslint-community/regexpp': [ '4.12.2' ],
346 silly audit   '@eslint/config-array': [ '0.21.1' ],
346 silly audit   '@eslint/config-helpers': [ '0.4.2' ],
346 silly audit   '@eslint/core': [ '0.17.0' ],
346 silly audit   '@eslint/eslintrc': [ '3.3.3' ],
346 silly audit   '@eslint/js': [ '9.39.2' ],
346 silly audit   '@eslint/object-schema': [ '2.1.7' ],
346 silly audit   '@eslint/plugin-kit': [ '0.4.1' ],
346 silly audit   '@humanfs/core': [ '0.19.1' ],
346 silly audit   '@humanfs/node': [ '0.16.7' ],
346 silly audit   '@humanwhocodes/module-importer': [ '1.0.1' ],
346 silly audit   '@humanwhocodes/retry': [ '0.4.3' ],
346 silly audit   '@img/colour': [ '1.0.0' ],
346 silly audit   '@img/sharp-darwin-arm64': [ '0.34.5' ],
346 silly audit   '@img/sharp-darwin-x64': [ '0.34.5' ],
346 silly audit   '@img/sharp-libvips-darwin-arm64': [ '1.2.4' ],
346 silly audit   '@img/sharp-libvips-darwin-x64': [ '1.2.4' ],
346 silly audit   '@img/sharp-libvips-linux-arm': [ '1.2.4' ],
346 silly audit   '@img/sharp-libvips-linux-arm64': [ '1.2.4' ],
346 silly audit   '@img/sharp-libvips-linux-ppc64': [ '1.2.4' ],
346 silly audit   '@img/sharp-libvips-linux-riscv64': [ '1.2.4' ],
346 silly audit   '@img/sharp-libvips-linux-s390x': [ '1.2.4' ],
346 silly audit   '@img/sharp-libvips-linux-x64': [ '1.2.4' ],
346 silly audit   '@img/sharp-libvips-linuxmusl-arm64': [ '1.2.4' ],
346 silly audit   '@img/sharp-libvips-linuxmusl-x64': [ '1.2.4' ],
346 silly audit   '@img/sharp-linux-arm': [ '0.34.5' ],
346 silly audit   '@img/sharp-linux-arm64': [ '0.34.5' ],
346 silly audit   '@img/sharp-linux-ppc64': [ '0.34.5' ],
346 silly audit   '@img/sharp-linux-riscv64': [ '0.34.5' ],
346 silly audit   '@img/sharp-linux-s390x': [ '0.34.5' ],
346 silly audit   '@img/sharp-linux-x64': [ '0.34.5' ],
346 silly audit   '@img/sharp-linuxmusl-arm64': [ '0.34.5' ],
346 silly audit   '@img/sharp-linuxmusl-x64': [ '0.34.5' ],
346 silly audit   '@img/sharp-wasm32': [ '0.34.5' ],
346 silly audit   '@img/sharp-win32-arm64': [ '0.34.5' ],
346 silly audit   '@img/sharp-win32-ia32': [ '0.34.5' ],
346 silly audit   '@img/sharp-win32-x64': [ '0.34.5' ],
346 silly audit   '@jridgewell/gen-mapping': [ '0.3.13' ],
346 silly audit   '@jridgewell/remapping': [ '2.3.5' ],
346 silly audit   '@jridgewell/resolve-uri': [ '3.1.2' ],
346 silly audit   '@jridgewell/sourcemap-codec': [ '1.5.5' ],
346 silly audit   '@jridgewell/trace-mapping': [ '0.3.31' ],
346 silly audit   '@napi-rs/wasm-runtime': [ '0.2.12' ],
346 silly audit   '@next/env': [ '16.1.6' ],
346 silly audit   '@next/eslint-plugin-next': [ '16.1.6' ],
346 silly audit   '@next/swc-darwin-arm64': [ '16.1.6' ],
346 silly audit   '@next/swc-darwin-x64': [ '16.1.6' ],
346 silly audit   '@next/swc-linux-arm64-gnu': [ '16.1.6' ],
346 silly audit   '@next/swc-linux-arm64-musl': [ '16.1.6' ],
346 silly audit   '@next/swc-linux-x64-gnu': [ '16.1.6' ],
346 silly audit   '@next/swc-linux-x64-musl': [ '16.1.6' ],
346 silly audit   '@next/swc-win32-arm64-msvc': [ '16.1.6' ],
346 silly audit   '@next/swc-win32-x64-msvc': [ '16.1.6' ],
346 silly audit   '@nodelib/fs.scandir': [ '2.1.5' ],
346 silly audit   '@nodelib/fs.stat': [ '2.0.5' ],
346 silly audit   '@nodelib/fs.walk': [ '1.2.8' ],
346 silly audit   '@nolyfill/is-core-module': [ '1.0.39' ],
346 silly audit   '@rtsao/scc': [ '1.1.0' ],
346 silly audit   '@swc/helpers': [ '0.5.15' ],
346 silly audit   '@tailwindcss/node': [ '4.1.18' ],
346 silly audit   '@tailwindcss/oxide': [ '4.1.18' ],
346 silly audit   '@tailwindcss/oxide-android-arm64': [ '4.1.18' ],
346 silly audit   '@tailwindcss/oxide-darwin-arm64': [ '4.1.18' ],
346 silly audit   '@tailwindcss/oxide-darwin-x64': [ '4.1.18' ],
346 silly audit   '@tailwindcss/oxide-freebsd-x64': [ '4.1.18' ],
346 silly audit   '@tailwindcss/oxide-linux-arm-gnueabihf': [ '4.1.18' ],
346 silly audit   '@tailwindcss/oxide-linux-arm64-gnu': [ '4.1.18' ],
346 silly audit   '@tailwindcss/oxide-linux-arm64-musl': [ '4.1.18' ],
346 silly audit   '@tailwindcss/oxide-linux-x64-gnu': [ '4.1.18' ],
346 silly audit   '@tailwindcss/oxide-linux-x64-musl': [ '4.1.18' ],
346 silly audit   '@tailwindcss/oxide-wasm32-wasi': [ '4.1.18' ],
346 silly audit   '@tailwindcss/oxide-win32-arm64-msvc': [ '4.1.18' ],
346 silly audit   '@tailwindcss/oxide-win32-x64-msvc': [ '4.1.18' ],
346 silly audit   '@tailwindcss/postcss': [ '4.1.18' ],
346 silly audit   '@tybys/wasm-util': [ '0.10.1' ],
346 silly audit   '@types/estree': [ '1.0.8' ],
346 silly audit   '@types/json-schema': [ '7.0.15' ],
346 silly audit   '@types/json5': [ '0.0.29' ],
346 silly audit   '@types/node': [ '20.19.33' ],
346 silly audit   '@types/react': [ '19.2.13' ],
346 silly audit   '@types/react-dom': [ '19.2.3' ],
346 silly audit   '@typescript-eslint/eslint-plugin': [ '8.55.0' ],
346 silly audit   ignore: [ '7.0.5', '5.3.2' ],
346 silly audit   '@typescript-eslint/parser': [ '8.55.0' ],
346 silly audit   '@typescript-eslint/project-service': [ '8.55.0' ],
346 silly audit   '@typescript-eslint/scope-manager': [ '8.55.0' ],
346 silly audit   '@typescript-eslint/tsconfig-utils': [ '8.55.0' ],
346 silly audit   '@typescript-eslint/type-utils': [ '8.55.0' ],
346 silly audit   '@typescript-eslint/types': [ '8.55.0' ],
346 silly audit   '@typescript-eslint/typescript-estree': [ '8.55.0' ],
346 silly audit   'brace-expansion': [ '2.0.2', '1.1.12' ],
346 silly audit   minimatch: [ '9.0.5', '3.1.2' ],
346 silly audit   semver: [ '7.7.4', '6.3.1' ],
346 silly audit   '@typescript-eslint/utils': [ '8.55.0' ],
346 silly audit   '@typescript-eslint/visitor-keys': [ '8.55.0' ],
346 silly audit   '@unrs/resolver-binding-android-arm-eabi': [ '1.11.1' ],
346 silly audit   '@unrs/resolver-binding-android-arm64': [ '1.11.1' ],
346 silly audit   '@unrs/resolver-binding-darwin-arm64': [ '1.11.1' ],
346 silly audit   '@unrs/resolver-binding-darwin-x64': [ '1.11.1' ],
346 silly audit   '@unrs/resolver-binding-freebsd-x64': [ '1.11.1' ],
346 silly audit   '@unrs/resolver-binding-linux-arm-gnueabihf': [ '1.11.1' ],
346 silly audit   '@unrs/resolver-binding-linux-arm-musleabihf': [ '1.11.1' ],
346 silly audit   '@unrs/resolver-binding-linux-arm64-gnu': [ '1.11.1' ],
346 silly audit   '@unrs/resolver-binding-linux-arm64-musl': [ '1.11.1' ],
346 silly audit   '@unrs/resolver-binding-linux-ppc64-gnu': [ '1.11.1' ],
346 silly audit   '@unrs/resolver-binding-linux-riscv64-gnu': [ '1.11.1' ],
346 silly audit   '@unrs/resolver-binding-linux-riscv64-musl': [ '1.11.1' ],
346 silly audit   '@unrs/resolver-binding-linux-s390x-gnu': [ '1.11.1' ],
346 silly audit   '@unrs/resolver-binding-linux-x64-gnu': [ '1.11.1' ],
346 silly audit   '@unrs/resolver-binding-linux-x64-musl': [ '1.11.1' ],
346 silly audit   '@unrs/resolver-binding-wasm32-wasi': [ '1.11.1' ],
346 silly audit   '@unrs/resolver-binding-win32-arm64-msvc': [ '1.11.1' ],
346 silly audit   '@unrs/resolver-binding-win32-ia32-msvc': [ '1.11.1' ],
346 silly audit   '@unrs/resolver-binding-win32-x64-msvc': [ '1.11.1' ],
346 silly audit   acorn: [ '8.15.0' ],
346 silly audit   'acorn-jsx': [ '5.3.2' ],
346 silly audit   ajv: [ '6.12.6' ],
346 silly audit   'ansi-styles': [ '4.3.0' ],
346 silly audit   argparse: [ '2.0.1' ],
346 silly audit   'aria-query': [ '5.3.2' ],
346 silly audit   'array-buffer-byte-length': [ '1.0.2' ],
346 silly audit   'array-includes': [ '3.1.9' ],
346 silly audit   'array.prototype.findlast': [ '1.2.5' ],
346 silly audit   'array.prototype.findlastindex': [ '1.2.6' ],
346 silly audit   'array.prototype.flat': [ '1.3.3' ],
346 silly audit   'array.prototype.flatmap': [ '1.3.3' ],
346 silly audit   'array.prototype.tosorted': [ '1.1.4' ],
346 silly audit   'arraybuffer.prototype.slice': [ '1.0.4' ],
346 silly audit   'ast-types-flow': [ '0.0.8' ],
346 silly audit   'async-function': [ '1.0.0' ],
346 silly audit   'available-typed-arrays': [ '1.0.7' ],
346 silly audit   'axe-core': [ '4.11.1' ],
346 silly audit   'axobject-query': [ '4.1.0' ],
346 silly audit   'balanced-match': [ '1.0.2' ],
346 silly audit   'baseline-browser-mapping': [ '2.9.19' ],
346 silly audit   braces: [ '3.0.3' ],
346 silly audit   browserslist: [ '4.28.1' ],
346 silly audit   'call-bind': [ '1.0.8' ],
346 silly audit   'call-bind-apply-helpers': [ '1.0.2' ],
346 silly audit   'call-bound': [ '1.0.4' ],
346 silly audit   callsites: [ '3.1.0' ],
346 silly audit   'caniuse-lite': [ '1.0.30001769' ],
346 silly audit   chalk: [ '4.1.2' ],
346 silly audit   'client-only': [ '0.0.1' ],
346 silly audit   'color-convert': [ '2.0.1' ],
346 silly audit   'color-name': [ '1.1.4' ],
346 silly audit   'concat-map': [ '0.0.1' ],
346 silly audit   'convert-source-map': [ '2.0.0' ],
346 silly audit   'cross-spawn': [ '7.0.6' ],
346 silly audit   csstype: [ '3.2.3' ],
346 silly audit   'damerau-levenshtein': [ '1.0.8' ],
346 silly audit   'data-view-buffer': [ '1.0.2' ],
346 silly audit   'data-view-byte-length': [ '1.0.2' ],
346 silly audit   'data-view-byte-offset': [ '1.0.1' ],
346 silly audit   debug: [ '4.4.3', '3.2.7' ],
346 silly audit   'deep-is': [ '0.1.4' ],
346 silly audit   'define-data-property': [ '1.1.4' ],
346 silly audit   'define-properties': [ '1.2.1' ],
346 silly audit   'detect-libc': [ '2.1.2' ],
346 silly audit   doctrine: [ '2.1.0' ],
346 silly audit   'dunder-proto': [ '1.0.1' ],
346 silly audit   'electron-to-chromium': [ '1.5.286' ],
346 silly audit   'emoji-regex': [ '9.2.2' ],
346 silly audit   'enhanced-resolve': [ '5.19.0' ],
346 silly audit   'es-abstract': [ '1.24.1' ],
346 silly audit   'es-define-property': [ '1.0.1' ],
346 silly audit   'es-errors': [ '1.3.0' ],
346 silly audit   'es-iterator-helpers': [ '1.2.2' ],
346 silly audit   'es-object-atoms': [ '1.1.1' ],
346 silly audit   'es-set-tostringtag': [ '2.1.0' ],
346 silly audit   'es-shim-unscopables': [ '1.1.0' ],
346 silly audit   'es-to-primitive': [ '1.3.0' ],
346 silly audit   escalade: [ '3.2.0' ],
346 silly audit   'escape-string-regexp': [ '4.0.0' ],
346 silly audit   eslint: [ '9.39.2' ],
346 silly audit   'eslint-config-next': [ '16.1.6' ],
346 silly audit   globals: [ '16.4.0', '14.0.0' ],
346 silly audit   'eslint-import-resolver-node': [ '0.3.9' ],
346 silly audit   'eslint-import-resolver-typescript': [ '3.10.1' ],
346 silly audit   'eslint-module-utils': [ '2.12.1' ],
346 silly audit   'eslint-plugin-import': [ '2.32.0' ],
346 silly audit   'eslint-plugin-jsx-a11y': [ '6.10.2' ],
346 silly audit   'eslint-plugin-react': [ '7.37.5' ],
346 silly audit   'eslint-plugin-react-hooks': [ '7.0.1' ],
346 silly audit   resolve: [ '2.0.0-next.5', '1.22.11' ],
346 silly audit   'eslint-scope': [ '8.4.0' ],
346 silly audit   espree: [ '10.4.0' ],
346 silly audit   esquery: [ '1.7.0' ],
346 silly audit   esrecurse: [ '4.3.0' ],
346 silly audit   estraverse: [ '5.3.0' ],
346 silly audit   esutils: [ '2.0.3' ],
346 silly audit   'fast-deep-equal': [ '3.1.3' ],
346 silly audit   'fast-glob': [ '3.3.1' ],
346 silly audit   'glob-parent': [ '5.1.2', '6.0.2' ],
346 silly audit   'fast-json-stable-stringify': [ '2.1.0' ],
346 silly audit   'fast-levenshtein': [ '2.0.6' ],
346 silly audit   fastq: [ '1.20.1' ],
346 silly audit   'file-entry-cache': [ '8.0.0' ],
346 silly audit   'fill-range': [ '7.1.1' ],
346 silly audit   'find-up': [ '5.0.0' ],
346 silly audit   'flat-cache': [ '4.0.1' ],
346 silly audit   flatted: [ '3.3.3' ],
346 silly audit   'for-each': [ '0.3.5' ],
346 silly audit   'function-bind': [ '1.1.2' ],
346 silly audit   'function.prototype.name': [ '1.1.8' ],
346 silly audit   'functions-have-names': [ '1.2.3' ],
346 silly audit   'generator-function': [ '2.0.1' ],
346 silly audit   gensync: [ '1.0.0-beta.2' ],
346 silly audit   'get-intrinsic': [ '1.3.0' ],
346 silly audit   'get-proto': [ '1.0.1' ],
346 silly audit   'get-symbol-description': [ '1.1.0' ],
346 silly audit   'get-tsconfig': [ '4.13.6' ],
346 silly audit   globalthis: [ '1.0.4' ],
346 silly audit   gopd: [ '1.2.0' ],
346 silly audit   'graceful-fs': [ '4.2.11' ],
346 silly audit   'has-bigints': [ '1.1.0' ],
346 silly audit   'has-flag': [ '4.0.0' ],
346 silly audit   'has-property-descriptors': [ '1.0.2' ],
346 silly audit   'has-proto': [ '1.2.0' ],
346 silly audit   'has-symbols': [ '1.1.0' ],
346 silly audit   'has-tostringtag': [ '1.0.2' ],
346 silly audit   hasown: [ '2.0.2' ],
346 silly audit   'hermes-estree': [ '0.25.1' ],
346 silly audit   'hermes-parser': [ '0.25.1' ],
346 silly audit   'import-fresh': [ '3.3.1' ],
346 silly audit   imurmurhash: [ '0.1.4' ],
346 silly audit   'internal-slot': [ '1.1.0' ],
346 silly audit   'is-array-buffer': [ '3.0.5' ],
346 silly audit   'is-async-function': [ '2.1.1' ],
346 silly audit   'is-bigint': [ '1.1.0' ],
346 silly audit   'is-boolean-object': [ '1.2.2' ],
346 silly audit   'is-bun-module': [ '2.0.0' ],
346 silly audit   'is-callable': [ '1.2.7' ],
346 silly audit   'is-core-module': [ '2.16.1' ],
346 silly audit   'is-data-view': [ '1.0.2' ],
346 silly audit   'is-date-object': [ '1.1.0' ],
346 silly audit   'is-extglob': [ '2.1.1' ],
346 silly audit   'is-finalizationregistry': [ '1.1.1' ],
346 silly audit   'is-generator-function': [ '1.1.2' ],
346 silly audit   'is-glob': [ '4.0.3' ],
346 silly audit   'is-map': [ '2.0.3' ],
346 silly audit   'is-negative-zero': [ '2.0.3' ],
346 silly audit   'is-number': [ '7.0.0' ],
346 silly audit   'is-number-object': [ '1.1.1' ],
346 silly audit   'is-regex': [ '1.2.1' ],
346 silly audit   'is-set': [ '2.0.3' ],
346 silly audit   'is-shared-array-buffer': [ '1.0.4' ],
346 silly audit   'is-string': [ '1.1.1' ],
346 silly audit   'is-symbol': [ '1.1.1' ],
346 silly audit   'is-typed-array': [ '1.1.15' ],
346 silly audit   'is-weakmap': [ '2.0.2' ],
346 silly audit   'is-weakref': [ '1.1.1' ],
346 silly audit   'is-weakset': [ '2.0.4' ],
346 silly audit   isarray: [ '2.0.5' ],
346 silly audit   isexe: [ '2.0.0' ],
346 silly audit   'iterator.prototype': [ '1.1.5' ],
346 silly audit   jiti: [ '2.6.1' ],
346 silly audit   'js-tokens': [ '4.0.0' ],
346 silly audit   'js-yaml': [ '4.1.1' ],
346 silly audit   jsesc: [ '3.1.0' ],
346 silly audit   'json-buffer': [ '3.0.1' ],
346 silly audit   'json-schema-traverse': [ '0.4.1' ],
346 silly audit   'json-stable-stringify-without-jsonify': [ '1.0.1' ],
346 silly audit   json5: [ '2.2.3', '1.0.2' ],
346 silly audit   'jsx-ast-utils': [ '3.3.5' ],
346 silly audit   keyv: [ '4.5.4' ],
346 silly audit   'language-subtag-registry': [ '0.3.23' ],
346 silly audit   'language-tags': [ '1.0.9' ],
346 silly audit   levn: [ '0.4.1' ],
346 silly audit   lightningcss: [ '1.30.2' ],
346 silly audit   'lightningcss-android-arm64': [ '1.30.2' ],
346 silly audit   'lightningcss-darwin-arm64': [ '1.30.2' ],
346 silly audit   'lightningcss-darwin-x64': [ '1.30.2' ],
346 silly audit   'lightningcss-freebsd-x64': [ '1.30.2' ],
346 silly audit   'lightningcss-linux-arm-gnueabihf': [ '1.30.2' ],
346 silly audit   'lightningcss-linux-arm64-gnu': [ '1.30.2' ],
346 silly audit   'lightningcss-linux-arm64-musl': [ '1.30.2' ],
346 silly audit   'lightningcss-linux-x64-gnu': [ '1.30.2' ],
346 silly audit   'lightningcss-linux-x64-musl': [ '1.30.2' ],
346 silly audit   'lightningcss-win32-arm64-msvc': [ '1.30.2' ],
346 silly audit   'lightningcss-win32-x64-msvc': [ '1.30.2' ],
346 silly audit   'locate-path': [ '6.0.0' ],
346 silly audit   'lodash.merge': [ '4.6.2' ],
346 silly audit   'loose-envify': [ '1.4.0' ],
346 silly audit   'lru-cache': [ '5.1.1' ],
346 silly audit   'magic-string': [ '0.30.21' ],
346 silly audit   'math-intrinsics': [ '1.1.0' ],
346 silly audit   merge2: [ '1.4.1' ],
346 silly audit   micromatch: [ '4.0.8' ],
346 silly audit   minimist: [ '1.2.8' ],
346 silly audit   ms: [ '2.1.3' ],
346 silly audit   nanoid: [ '3.3.11' ],
346 silly audit   'napi-postinstall': [ '0.3.4' ],
346 silly audit   'natural-compare': [ '1.4.0' ],
346 silly audit   next: [ '16.1.6' ],
346 silly audit   postcss: [ '8.4.31', '8.5.6' ],
346 silly audit   'node-releases': [ '2.0.27' ],
346 silly audit   'object-assign': [ '4.1.1' ],
346 silly audit   'object-inspect': [ '1.13.4' ],
346 silly audit   'object-keys': [ '1.1.1' ],
346 silly audit   'object.assign': [ '4.1.7' ],
346 silly audit   'object.entries': [ '1.1.9' ],
346 silly audit   'object.fromentries': [ '2.0.8' ],
346 silly audit   'object.groupby': [ '1.0.3' ],
346 silly audit   'object.values': [ '1.2.1' ],
346 silly audit   optionator: [ '0.9.4' ],
346 silly audit   'own-keys': [ '1.0.1' ],
346 silly audit   'p-limit': [ '3.1.0' ],
346 silly audit   'p-locate': [ '5.0.0' ],
346 silly audit   'parent-module': [ '1.0.1' ],
346 silly audit   'path-exists': [ '4.0.0' ],
346 silly audit   'path-key': [ '3.1.1' ],
346 silly audit   'path-parse': [ '1.0.7' ],
346 silly audit   picocolors: [ '1.1.1' ],
346 silly audit   picomatch: [ '2.3.1', '4.0.3' ],
346 silly audit   'possible-typed-array-names': [ '1.1.0' ],
346 silly audit   'prelude-ls': [ '1.2.1' ],
346 silly audit   'prop-types': [ '15.8.1' ],
346 silly audit   punycode: [ '2.3.1' ],
346 silly audit   'queue-microtask': [ '1.2.3' ],
346 silly audit   react: [ '19.2.3' ],
346 silly audit   'react-dom': [ '19.2.3' ],
346 silly audit   'react-is': [ '16.13.1' ],
346 silly audit   'reflect.getprototypeof': [ '1.0.10' ],
346 silly audit   'regexp.prototype.flags': [ '1.5.4' ],
346 silly audit   'resolve-from': [ '4.0.0' ],
346 silly audit   'resolve-pkg-maps': [ '1.0.0' ],
346 silly audit   reusify: [ '1.1.0' ],
346 silly audit   'run-parallel': [ '1.2.0' ],
346 silly audit   'safe-array-concat': [ '1.1.3' ],
346 silly audit   'safe-push-apply': [ '1.0.0' ],
346 silly audit   'safe-regex-test': [ '1.1.0' ],
346 silly audit   scheduler: [ '0.27.0' ],
346 silly audit   'set-function-length': [ '1.2.2' ],
346 silly audit   'set-function-name': [ '2.0.2' ],
346 silly audit   'set-proto': [ '1.0.0' ],
346 silly audit   sharp: [ '0.34.5' ],
346 silly audit   'shebang-command': [ '2.0.0' ],
346 silly audit   'shebang-regex': [ '3.0.0' ],
346 silly audit   'side-channel': [ '1.1.0' ],
346 silly audit   'side-channel-list': [ '1.0.0' ],
346 silly audit   'side-channel-map': [ '1.0.1' ],
346 silly audit   'side-channel-weakmap': [ '1.0.2' ],
346 silly audit   'source-map-js': [ '1.2.1' ],
346 silly audit   'stable-hash': [ '0.0.5' ],
346 silly audit   'stop-iteration-iterator': [ '1.1.0' ],
346 silly audit   'string.prototype.includes': [ '2.0.1' ],
346 silly audit   'string.prototype.matchall': [ '4.0.12' ],
346 silly audit   'string.prototype.repeat': [ '1.0.0' ],
346 silly audit   'string.prototype.trim': [ '1.2.10' ],
346 silly audit   'string.prototype.trimend': [ '1.0.9' ],
346 silly audit   'string.prototype.trimstart': [ '1.0.8' ],
346 silly audit   'strip-bom': [ '3.0.0' ],
346 silly audit   'strip-json-comments': [ '3.1.1' ],
346 silly audit   'styled-jsx': [ '5.1.6' ],
346 silly audit   'supports-color': [ '7.2.0' ],
346 silly audit   'supports-preserve-symlinks-flag': [ '1.0.0' ],
346 silly audit   tailwindcss: [ '4.1.18' ],
346 silly audit   tapable: [ '2.3.0' ],
346 silly audit   tinyglobby: [ '0.2.15' ],
346 silly audit   fdir: [ '6.5.0' ],
346 silly audit   'to-regex-range': [ '5.0.1' ],
346 silly audit   'ts-api-utils': [ '2.4.0' ],
346 silly audit   'tsconfig-paths': [ '3.15.0' ],
346 silly audit   tslib: [ '2.8.1' ],
346 silly audit   'type-check': [ '0.4.0' ],
346 silly audit   'typed-array-buffer': [ '1.0.3' ],
346 silly audit   'typed-array-byte-length': [ '1.0.3' ],
346 silly audit   'typed-array-byte-offset': [ '1.0.4' ],
346 silly audit   'typed-array-length': [ '1.0.7' ],
346 silly audit   typescript: [ '5.9.3' ],
346 silly audit   'typescript-eslint': [ '8.55.0' ],
346 silly audit   'unbox-primitive': [ '1.1.0' ],
346 silly audit   'undici-types': [ '6.21.0' ],
346 silly audit   'unrs-resolver': [ '1.11.1' ],
346 silly audit   'update-browserslist-db': [ '1.2.3' ],
346 silly audit   'uri-js': [ '4.4.1' ],
346 silly audit   which: [ '2.0.2' ],
346 silly audit   'which-boxed-primitive': [ '1.1.1' ],
346 silly audit   'which-builtin-type': [ '1.2.1' ],
346 silly audit   'which-collection': [ '1.0.2' ],
346 silly audit   'which-typed-array': [ '1.1.20' ],
346 silly audit   'word-wrap': [ '1.2.5' ],
346 silly audit   yallist: [ '3.1.1' ],
346 silly audit   'yocto-queue': [ '0.1.0' ],
346 silly audit   zod: [ '4.3.6' ],
346 silly audit   'zod-validation-error': [ '4.0.2' ],
346 silly audit   '@supabase/ssr': [ '0.8.0' ],
346 silly audit   '@supabase/supabase-js': [ '2.95.3' ],
346 silly audit   clsx: [ '2.1.1' ],
346 silly audit   'framer-motion': [ '12.34.0' ],
346 silly audit   'lucide-react': [ '0.563.0' ],
346 silly audit   resend: [ '6.9.1' ],
346 silly audit   'tailwind-merge': [ '3.4.0' ],
346 silly audit   cookie: [ '1.1.1' ],
346 silly audit   '@supabase/auth-js': [ '2.95.3' ],
346 silly audit   '@supabase/functions-js': [ '2.95.3' ],
346 silly audit   '@supabase/postgrest-js': [ '2.95.3' ],
346 silly audit   '@supabase/realtime-js': [ '2.95.3' ],
346 silly audit   '@supabase/storage-js': [ '2.95.3' ],
346 silly audit   '@types/phoenix': [ '1.6.7' ],
346 silly audit   '@types/ws': [ '8.18.1' ],
346 silly audit   ws: [ '8.19.0' ],
346 silly audit   'iceberg-js': [ '0.8.1' ],
346 silly audit   'motion-dom': [ '12.34.0' ],
346 silly audit   'motion-utils': [ '12.29.2' ],
346 silly audit   mailparser: [ '3.9.1' ],
346 silly audit   svix: [ '1.84.1' ],
346 silly audit   '@zone-eu/mailsplit': [ '5.4.8' ],
346 silly audit   'encoding-japanese': [ '2.2.0' ],
346 silly audit   he: [ '1.2.0' ],
346 silly audit   'html-to-text': [ '9.0.5' ],
346 silly audit   'iconv-lite': [ '0.7.0', '0.6.3' ],
346 silly audit   libmime: [ '5.3.7' ],
346 silly audit   'linkify-it': [ '5.0.0' ],
346 silly audit   nodemailer: [ '7.0.11' ],
346 silly audit   'punycode.js': [ '2.3.1' ],
346 silly audit   tlds: [ '1.261.0' ],
346 silly audit   libbase64: [ '1.3.0' ],
346 silly audit   libqp: [ '2.1.1' ],
346 silly audit   '@selderee/plugin-htmlparser2': [ '0.11.0' ],
346 silly audit   deepmerge: [ '4.3.1' ],
346 silly audit   'dom-serializer': [ '2.0.0' ],
346 silly audit   htmlparser2: [ '8.0.2' ],
346 silly audit   selderee: [ '0.11.0' ],
346 silly audit   domhandler: [ '5.0.3' ],
346 silly audit   domelementtype: [ '2.3.0' ],
346 silly audit   entities: [ '4.5.0' ],
346 silly audit   domutils: [ '3.2.2' ],
346 silly audit   'safer-buffer': [ '2.1.2' ],
346 silly audit   'uc.micro': [ '2.1.0' ],
346 silly audit   parseley: [ '0.12.1' ],
346 silly audit   leac: [ '0.6.0' ],
346 silly audit   peberminta: [ '0.9.0' ],
346 silly audit   standardwebhooks: [ '1.0.0' ],
346 silly audit   uuid: [ '10.0.0' ],
346 silly audit   '@stablelib/base64': [ '1.0.1' ],
346 silly audit   'fast-sha256': [ '1.3.0' ]
346 silly audit }
347 http cache @stablelib/base64@https://registry.npmjs.org/@stablelib/base64/-/base64-1.0.1.tgz 0ms (cache hit)
348 http cache fast-sha256@https://registry.npmjs.org/fast-sha256/-/fast-sha256-1.3.0.tgz 0ms (cache hit)
349 http cache uuid@https://registry.npmjs.org/uuid/-/uuid-10.0.0.tgz 0ms (cache hit)
350 http cache standardwebhooks@https://registry.npmjs.org/standardwebhooks/-/standardwebhooks-1.0.0.tgz 0ms (cache hit)
351 http cache leac@https://registry.npmjs.org/leac/-/leac-0.6.0.tgz 0ms (cache hit)
352 http cache parseley@https://registry.npmjs.org/parseley/-/parseley-0.12.1.tgz 0ms (cache hit)
353 http cache safer-buffer@https://registry.npmjs.org/safer-buffer/-/safer-buffer-2.1.2.tgz 0ms (cache hit)
354 http cache entities@https://registry.npmjs.org/entities/-/entities-4.5.0.tgz 0ms (cache hit)
355 http cache domutils@https://registry.npmjs.org/domutils/-/domutils-3.2.2.tgz 0ms (cache hit)
356 http cache peberminta@https://registry.npmjs.org/peberminta/-/peberminta-0.9.0.tgz 0ms (cache hit)
357 http cache domhandler@https://registry.npmjs.org/domhandler/-/domhandler-5.0.3.tgz 0ms (cache hit)
358 http cache domelementtype@https://registry.npmjs.org/domelementtype/-/domelementtype-2.3.0.tgz 0ms (cache hit)
359 http cache selderee@https://registry.npmjs.org/selderee/-/selderee-0.11.0.tgz 0ms (cache hit)
360 http cache htmlparser2@https://registry.npmjs.org/htmlparser2/-/htmlparser2-8.0.2.tgz 0ms (cache hit)
361 http cache dom-serializer@https://registry.npmjs.org/dom-serializer/-/dom-serializer-2.0.0.tgz 0ms (cache hit)
362 http cache deepmerge@https://registry.npmjs.org/deepmerge/-/deepmerge-4.3.1.tgz 0ms (cache hit)
363 http cache libqp@https://registry.npmjs.org/libqp/-/libqp-2.1.1.tgz 0ms (cache hit)
364 http cache @selderee/plugin-htmlparser2@https://registry.npmjs.org/@selderee/plugin-htmlparser2/-/plugin-htmlparser2-0.11.0.tgz 0ms (cache hit)
365 http cache uc.micro@https://registry.npmjs.org/uc.micro/-/uc.micro-2.1.0.tgz 0ms (cache hit)
366 http cache libbase64@https://registry.npmjs.org/libbase64/-/libbase64-1.3.0.tgz 0ms (cache hit)
367 http cache punycode.js@https://registry.npmjs.org/punycode.js/-/punycode.js-2.3.1.tgz 0ms (cache hit)
368 http cache linkify-it@https://registry.npmjs.org/linkify-it/-/linkify-it-5.0.0.tgz 0ms (cache hit)
369 http cache tlds@https://registry.npmjs.org/tlds/-/tlds-1.261.0.tgz 0ms (cache hit)
370 http cache libmime@https://registry.npmjs.org/libmime/-/libmime-5.3.7.tgz 0ms (cache hit)
371 http cache nodemailer@https://registry.npmjs.org/nodemailer/-/nodemailer-7.0.11.tgz 0ms (cache hit)
372 http cache iconv-lite@https://registry.npmjs.org/iconv-lite/-/iconv-lite-0.7.0.tgz 0ms (cache hit)
373 http cache html-to-text@https://registry.npmjs.org/html-to-text/-/html-to-text-9.0.5.tgz 0ms (cache hit)
374 http cache he@https://registry.npmjs.org/he/-/he-1.2.0.tgz 0ms (cache hit)
375 http cache @zone-eu/mailsplit@https://registry.npmjs.org/@zone-eu/mailsplit/-/mailsplit-5.4.8.tgz 0ms (cache hit)
376 http cache encoding-japanese@https://registry.npmjs.org/encoding-japanese/-/encoding-japanese-2.2.0.tgz 0ms (cache hit)
377 http cache mailparser@https://registry.npmjs.org/mailparser/-/mailparser-3.9.1.tgz 0ms (cache hit)
378 http cache motion-utils@https://registry.npmjs.org/motion-utils/-/motion-utils-12.29.2.tgz 0ms (cache hit)
379 http cache iceberg-js@https://registry.npmjs.org/iceberg-js/-/iceberg-js-0.8.1.tgz 0ms (cache hit)
380 http cache ws@https://registry.npmjs.org/ws/-/ws-8.19.0.tgz 0ms (cache hit)
381 http cache svix@https://registry.npmjs.org/svix/-/svix-1.84.1.tgz 0ms (cache hit)
382 http cache @types/ws@https://registry.npmjs.org/@types/ws/-/ws-8.18.1.tgz 0ms (cache hit)
383 http cache @types/phoenix@https://registry.npmjs.org/@types/phoenix/-/phoenix-1.6.7.tgz 0ms (cache hit)
384 http cache @supabase/storage-js@https://registry.npmjs.org/@supabase/storage-js/-/storage-js-2.95.3.tgz 0ms (cache hit)
385 http cache @supabase/realtime-js@https://registry.npmjs.org/@supabase/realtime-js/-/realtime-js-2.95.3.tgz 0ms (cache hit)
386 http cache @supabase/postgrest-js@https://registry.npmjs.org/@supabase/postgrest-js/-/postgrest-js-2.95.3.tgz 0ms (cache hit)
387 http cache @supabase/functions-js@https://registry.npmjs.org/@supabase/functions-js/-/functions-js-2.95.3.tgz 0ms (cache hit)
388 http cache @supabase/auth-js@https://registry.npmjs.org/@supabase/auth-js/-/auth-js-2.95.3.tgz 0ms (cache hit)
389 http cache cookie@https://registry.npmjs.org/cookie/-/cookie-1.1.1.tgz 0ms (cache hit)
390 http cache motion-dom@https://registry.npmjs.org/motion-dom/-/motion-dom-12.34.0.tgz 0ms (cache hit)
391 http cache tailwind-merge@https://registry.npmjs.org/tailwind-merge/-/tailwind-merge-3.4.0.tgz 0ms (cache hit)
392 http cache lucide-react@https://registry.npmjs.org/lucide-react/-/lucide-react-0.563.0.tgz 0ms (cache hit)
393 http cache resend@https://registry.npmjs.org/resend/-/resend-6.9.1.tgz 0ms (cache hit)
394 http cache clsx@https://registry.npmjs.org/clsx/-/clsx-2.1.1.tgz 0ms (cache hit)
395 http cache @supabase/ssr@https://registry.npmjs.org/@supabase/ssr/-/ssr-0.8.0.tgz 0ms (cache hit)
396 http cache iconv-lite@https://registry.npmjs.org/iconv-lite/-/iconv-lite-0.6.3.tgz 0ms (cache hit)
397 http cache @supabase/supabase-js@https://registry.npmjs.org/@supabase/supabase-js/-/supabase-js-2.95.3.tgz 0ms (cache hit)
398 http cache framer-motion@https://registry.npmjs.org/framer-motion/-/framer-motion-12.34.0.tgz 0ms (cache hit)
399 silly tarball no local data for @stablelib/base64@https://registry.npmjs.org/@stablelib/base64/-/base64-1.0.1.tgz. Extracting by manifest.
400 silly tarball no local data for fast-sha256@https://registry.npmjs.org/fast-sha256/-/fast-sha256-1.3.0.tgz. Extracting by manifest.
401 silly tarball no local data for uuid@https://registry.npmjs.org/uuid/-/uuid-10.0.0.tgz. Extracting by manifest.
402 silly tarball no local data for standardwebhooks@https://registry.npmjs.org/standardwebhooks/-/standardwebhooks-1.0.0.tgz. Extracting by manifest.
403 silly tarball no local data for leac@https://registry.npmjs.org/leac/-/leac-0.6.0.tgz. Extracting by manifest.
404 silly tarball no local data for parseley@https://registry.npmjs.org/parseley/-/parseley-0.12.1.tgz. Extracting by manifest.
405 silly tarball no local data for safer-buffer@https://registry.npmjs.org/safer-buffer/-/safer-buffer-2.1.2.tgz. Extracting by manifest.
406 silly tarball no local data for entities@https://registry.npmjs.org/entities/-/entities-4.5.0.tgz. Extracting by manifest.
407 silly tarball no local data for domutils@https://registry.npmjs.org/domutils/-/domutils-3.2.2.tgz. Extracting by manifest.
408 silly tarball no local data for peberminta@https://registry.npmjs.org/peberminta/-/peberminta-0.9.0.tgz. Extracting by manifest.
409 silly tarball no local data for domhandler@https://registry.npmjs.org/domhandler/-/domhandler-5.0.3.tgz. Extracting by manifest.
410 silly tarball no local data for domelementtype@https://registry.npmjs.org/domelementtype/-/domelementtype-2.3.0.tgz. Extracting by manifest.
411 silly tarball no local data for selderee@https://registry.npmjs.org/selderee/-/selderee-0.11.0.tgz. Extracting by manifest.
412 silly tarball no local data for htmlparser2@https://registry.npmjs.org/htmlparser2/-/htmlparser2-8.0.2.tgz. Extracting by manifest.
413 silly tarball no local data for dom-serializer@https://registry.npmjs.org/dom-serializer/-/dom-serializer-2.0.0.tgz. Extracting by manifest.
414 silly tarball no local data for deepmerge@https://registry.npmjs.org/deepmerge/-/deepmerge-4.3.1.tgz. Extracting by manifest.
415 silly tarball no local data for libqp@https://registry.npmjs.org/libqp/-/libqp-2.1.1.tgz. Extracting by manifest.
416 silly tarball no local data for @selderee/plugin-htmlparser2@https://registry.npmjs.org/@selderee/plugin-htmlparser2/-/plugin-htmlparser2-0.11.0.tgz. Extracting by manifest.
417 silly tarball no local data for uc.micro@https://registry.npmjs.org/uc.micro/-/uc.micro-2.1.0.tgz. Extracting by manifest.
418 silly tarball no local data for libbase64@https://registry.npmjs.org/libbase64/-/libbase64-1.3.0.tgz. Extracting by manifest.
419 silly tarball no local data for punycode.js@https://registry.npmjs.org/punycode.js/-/punycode.js-2.3.1.tgz. Extracting by manifest.
420 silly tarball no local data for linkify-it@https://registry.npmjs.org/linkify-it/-/linkify-it-5.0.0.tgz. Extracting by manifest.
421 silly tarball no local data for tlds@https://registry.npmjs.org/tlds/-/tlds-1.261.0.tgz. Extracting by manifest.
422 silly tarball no local data for nodemailer@https://registry.npmjs.org/nodemailer/-/nodemailer-7.0.11.tgz. Extracting by manifest.
423 silly tarball no local data for iconv-lite@https://registry.npmjs.org/iconv-lite/-/iconv-lite-0.7.0.tgz. Extracting by manifest.
424 silly tarball no local data for html-to-text@https://registry.npmjs.org/html-to-text/-/html-to-text-9.0.5.tgz. Extracting by manifest.
425 silly tarball no local data for he@https://registry.npmjs.org/he/-/he-1.2.0.tgz. Extracting by manifest.
426 silly tarball no local data for libmime@https://registry.npmjs.org/libmime/-/libmime-5.3.7.tgz. Extracting by manifest.
427 silly tarball no local data for @zone-eu/mailsplit@https://registry.npmjs.org/@zone-eu/mailsplit/-/mailsplit-5.4.8.tgz. Extracting by manifest.
428 silly tarball no local data for encoding-japanese@https://registry.npmjs.org/encoding-japanese/-/encoding-japanese-2.2.0.tgz. Extracting by manifest.
429 silly tarball no local data for mailparser@https://registry.npmjs.org/mailparser/-/mailparser-3.9.1.tgz. Extracting by manifest.
430 silly tarball no local data for motion-utils@https://registry.npmjs.org/motion-utils/-/motion-utils-12.29.2.tgz. Extracting by manifest.
431 silly tarball no local data for iceberg-js@https://registry.npmjs.org/iceberg-js/-/iceberg-js-0.8.1.tgz. Extracting by manifest.
432 silly tarball no local data for ws@https://registry.npmjs.org/ws/-/ws-8.19.0.tgz. Extracting by manifest.
433 silly tarball no local data for svix@https://registry.npmjs.org/svix/-/svix-1.84.1.tgz. Extracting by manifest.
434 silly tarball no local data for @types/ws@https://registry.npmjs.org/@types/ws/-/ws-8.18.1.tgz. Extracting by manifest.
435 silly tarball no local data for @types/phoenix@https://registry.npmjs.org/@types/phoenix/-/phoenix-1.6.7.tgz. Extracting by manifest.
436 silly tarball no local data for @supabase/realtime-js@https://registry.npmjs.org/@supabase/realtime-js/-/realtime-js-2.95.3.tgz. Extracting by manifest.
437 silly tarball no local data for @supabase/postgrest-js@https://registry.npmjs.org/@supabase/postgrest-js/-/postgrest-js-2.95.3.tgz. Extracting by manifest.
438 silly tarball no local data for @supabase/functions-js@https://registry.npmjs.org/@supabase/functions-js/-/functions-js-2.95.3.tgz. Extracting by manifest.
439 silly tarball no local data for @supabase/storage-js@https://registry.npmjs.org/@supabase/storage-js/-/storage-js-2.95.3.tgz. Extracting by manifest.
440 silly tarball no local data for @supabase/auth-js@https://registry.npmjs.org/@supabase/auth-js/-/auth-js-2.95.3.tgz. Extracting by manifest.
441 silly tarball no local data for cookie@https://registry.npmjs.org/cookie/-/cookie-1.1.1.tgz. Extracting by manifest.
442 silly tarball no local data for motion-dom@https://registry.npmjs.org/motion-dom/-/motion-dom-12.34.0.tgz. Extracting by manifest.
443 silly tarball no local data for tailwind-merge@https://registry.npmjs.org/tailwind-merge/-/tailwind-merge-3.4.0.tgz. Extracting by manifest.
444 silly tarball no local data for lucide-react@https://registry.npmjs.org/lucide-react/-/lucide-react-0.563.0.tgz. Extracting by manifest.
445 silly tarball no local data for resend@https://registry.npmjs.org/resend/-/resend-6.9.1.tgz. Extracting by manifest.
446 silly tarball no local data for clsx@https://registry.npmjs.org/clsx/-/clsx-2.1.1.tgz. Extracting by manifest.
447 silly tarball no local data for @supabase/ssr@https://registry.npmjs.org/@supabase/ssr/-/ssr-0.8.0.tgz. Extracting by manifest.
448 silly tarball no local data for iconv-lite@https://registry.npmjs.org/iconv-lite/-/iconv-lite-0.6.3.tgz. Extracting by manifest.
449 silly tarball no local data for @supabase/supabase-js@https://registry.npmjs.org/@supabase/supabase-js/-/supabase-js-2.95.3.tgz. Extracting by manifest.
450 silly tarball no local data for framer-motion@https://registry.npmjs.org/framer-motion/-/framer-motion-12.34.0.tgz. Extracting by manifest.
451 http fetch GET 200 https://registry.npmjs.org/leac/-/leac-0.6.0.tgz 44ms (cache miss)
452 http fetch GET 200 https://registry.npmjs.org/safer-buffer/-/safer-buffer-2.1.2.tgz 52ms (cache miss)
453 http fetch GET 200 https://registry.npmjs.org/fast-sha256/-/fast-sha256-1.3.0.tgz 61ms (cache miss)
454 http fetch GET 200 https://registry.npmjs.org/standardwebhooks/-/standardwebhooks-1.0.0.tgz 69ms (cache miss)
455 http fetch GET 200 https://registry.npmjs.org/@stablelib/base64/-/base64-1.0.1.tgz 73ms (cache miss)
456 http fetch GET 200 https://registry.npmjs.org/entities/-/entities-4.5.0.tgz 77ms (cache miss)
457 http fetch GET 200 https://registry.npmjs.org/dom-serializer/-/dom-serializer-2.0.0.tgz 77ms (cache miss)
458 http fetch GET 200 https://registry.npmjs.org/uuid/-/uuid-10.0.0.tgz 82ms (cache miss)
459 http fetch GET 200 https://registry.npmjs.org/deepmerge/-/deepmerge-4.3.1.tgz 87ms (cache miss)
460 http fetch GET 200 https://registry.npmjs.org/libqp/-/libqp-2.1.1.tgz 110ms (cache miss)
461 http fetch GET 200 https://registry.npmjs.org/linkify-it/-/linkify-it-5.0.0.tgz 112ms (cache miss)
462 http fetch GET 200 https://registry.npmjs.org/parseley/-/parseley-0.12.1.tgz 117ms (cache miss)
463 http fetch GET 200 https://registry.npmjs.org/punycode.js/-/punycode.js-2.3.1.tgz 120ms (cache miss)
464 http fetch GET 200 https://registry.npmjs.org/uc.micro/-/uc.micro-2.1.0.tgz 122ms (cache miss)
465 http fetch GET 200 https://registry.npmjs.org/libbase64/-/libbase64-1.3.0.tgz 128ms (cache miss)
466 http fetch GET 200 https://registry.npmjs.org/domhandler/-/domhandler-5.0.3.tgz 131ms (cache miss)
467 http fetch GET 200 https://registry.npmjs.org/@selderee/plugin-htmlparser2/-/plugin-htmlparser2-0.11.0.tgz 133ms (cache miss)
468 http fetch GET 200 https://registry.npmjs.org/tlds/-/tlds-1.261.0.tgz 133ms (cache miss)
469 http fetch GET 200 https://registry.npmjs.org/domelementtype/-/domelementtype-2.3.0.tgz 138ms (cache miss)
470 http fetch GET 200 https://registry.npmjs.org/selderee/-/selderee-0.11.0.tgz 137ms (cache miss)
471 http fetch GET 200 https://registry.npmjs.org/domutils/-/domutils-3.2.2.tgz 148ms (cache miss)
472 http fetch GET 200 https://registry.npmjs.org/peberminta/-/peberminta-0.9.0.tgz 150ms (cache miss)
473 http fetch GET 200 https://registry.npmjs.org/html-to-text/-/html-to-text-9.0.5.tgz 183ms (cache miss)
474 http fetch GET 200 https://registry.npmjs.org/nodemailer/-/nodemailer-7.0.11.tgz 185ms (cache miss)
475 http fetch GET 200 https://registry.npmjs.org/he/-/he-1.2.0.tgz 188ms (cache miss)
476 http fetch GET 200 https://registry.npmjs.org/libmime/-/libmime-5.3.7.tgz 194ms (cache miss)
477 http fetch GET 200 https://registry.npmjs.org/mailparser/-/mailparser-3.9.1.tgz 205ms (cache miss)
478 http fetch GET 200 https://registry.npmjs.org/ws/-/ws-8.19.0.tgz 206ms (cache miss)
479 http fetch GET 200 https://registry.npmjs.org/iceberg-js/-/iceberg-js-0.8.1.tgz 206ms (cache miss)
480 http fetch GET 200 https://registry.npmjs.org/motion-utils/-/motion-utils-12.29.2.tgz 214ms (cache miss)
481 http fetch GET 200 https://registry.npmjs.org/iconv-lite/-/iconv-lite-0.7.0.tgz 223ms (cache miss)
482 http fetch GET 200 https://registry.npmjs.org/encoding-japanese/-/encoding-japanese-2.2.0.tgz 230ms (cache miss)
483 http fetch GET 200 https://registry.npmjs.org/@types/ws/-/ws-8.18.1.tgz 232ms (cache miss)
484 http fetch GET 200 https://registry.npmjs.org/@types/phoenix/-/phoenix-1.6.7.tgz 248ms (cache miss)
485 http fetch GET 200 https://registry.npmjs.org/@zone-eu/mailsplit/-/mailsplit-5.4.8.tgz 249ms (cache miss)
486 http fetch POST 200 https://registry.npmjs.org/-/npm/v1/security/advisories/bulk 267ms
487 silly audit report {}
488 http fetch GET 200 https://registry.npmjs.org/cookie/-/cookie-1.1.1.tgz 261ms (cache miss)
489 http fetch GET 200 https://registry.npmjs.org/tailwind-merge/-/tailwind-merge-3.4.0.tgz 278ms (cache miss)
490 http fetch GET 200 https://registry.npmjs.org/resend/-/resend-6.9.1.tgz 279ms (cache miss)
491 http fetch GET 200 https://registry.npmjs.org/clsx/-/clsx-2.1.1.tgz 302ms (cache miss)
492 http fetch GET 200 https://registry.npmjs.org/svix/-/svix-1.84.1.tgz 331ms (cache miss)
493 http fetch GET 200 https://registry.npmjs.org/@supabase/supabase-js/-/supabase-js-2.95.3.tgz 428ms (cache miss)
494 http fetch GET 200 https://registry.npmjs.org/motion-dom/-/motion-dom-12.34.0.tgz 489ms (cache miss)
495 http fetch GET 200 https://registry.npmjs.org/iconv-lite/-/iconv-lite-0.6.3.tgz 501ms (cache miss)
496 http fetch GET 200 https://registry.npmjs.org/@supabase/ssr/-/ssr-0.8.0.tgz 612ms (cache miss)
497 http fetch GET 200 https://registry.npmjs.org/@supabase/realtime-js/-/realtime-js-2.95.3.tgz 627ms (cache miss)
498 http fetch GET 200 https://registry.npmjs.org/@supabase/functions-js/-/functions-js-2.95.3.tgz 640ms (cache miss)
499 http fetch GET 200 https://registry.npmjs.org/@supabase/postgrest-js/-/postgrest-js-2.95.3.tgz 692ms (cache miss)
500 http fetch GET 200 https://registry.npmjs.org/@supabase/storage-js/-/storage-js-2.95.3.tgz 782ms (cache miss)
501 http fetch GET 200 https://registry.npmjs.org/@supabase/auth-js/-/auth-js-2.95.3.tgz 822ms (cache miss)
502 http fetch GET 200 https://registry.npmjs.org/framer-motion/-/framer-motion-12.34.0.tgz 874ms (cache miss)
503 http fetch GET 200 https://registry.npmjs.org/lucide-react/-/lucide-react-0.563.0.tgz 1138ms (cache miss)
504 http fetch GET https://registry.npmjs.org/htmlparser2/-/htmlparser2-8.0.2.tgz attempt 1 failed with ECONNRESET
505 http fetch GET 200 https://registry.npmjs.org/htmlparser2/-/htmlparser2-8.0.2.tgz 28599ms attempt #2 (cache miss)
506 silly ADD node_modules/fast-sha256
507 silly ADD node_modules/@stablelib/base64
508 silly ADD node_modules/uuid
509 silly ADD node_modules/standardwebhooks
510 silly ADD node_modules/peberminta
511 silly ADD node_modules/leac
512 silly ADD node_modules/parseley
513 silly ADD node_modules/uc.micro
514 silly ADD node_modules/safer-buffer
515 silly ADD node_modules/domutils
516 silly ADD node_modules/entities
517 silly ADD node_modules/domelementtype
518 silly ADD node_modules/domhandler
519 silly ADD node_modules/selderee
520 silly ADD node_modules/htmlparser2
521 silly ADD node_modules/dom-serializer
522 silly ADD node_modules/deepmerge
523 silly ADD node_modules/@selderee/plugin-htmlparser2
524 silly ADD node_modules/libqp
525 silly ADD node_modules/libbase64
526 silly ADD node_modules/tlds
527 silly ADD node_modules/punycode.js
528 silly ADD node_modules/nodemailer
529 silly ADD node_modules/linkify-it
530 silly ADD node_modules/libmime
531 silly ADD node_modules/libmime/node_modules/iconv-lite
532 silly ADD node_modules/iconv-lite
533 silly ADD node_modules/html-to-text
534 silly ADD node_modules/he
535 silly ADD node_modules/encoding-japanese
536 silly ADD node_modules/@zone-eu/mailsplit
537 silly ADD node_modules/svix
538 silly ADD node_modules/mailparser
539 silly ADD node_modules/motion-utils
540 silly ADD node_modules/motion-dom
541 silly ADD node_modules/iceberg-js
542 silly ADD node_modules/ws
543 silly ADD node_modules/@types/ws
544 silly ADD node_modules/@types/phoenix
545 silly ADD node_modules/@supabase/storage-js
546 silly ADD node_modules/@supabase/realtime-js
547 silly ADD node_modules/@supabase/postgrest-js
548 silly ADD node_modules/@supabase/functions-js
549 silly ADD node_modules/@supabase/auth-js
550 silly ADD node_modules/cookie
551 silly ADD node_modules/tailwind-merge
552 silly ADD node_modules/resend
553 silly ADD node_modules/lucide-react
554 silly ADD node_modules/framer-motion
555 silly ADD node_modules/clsx
556 silly ADD node_modules/@supabase/supabase-js
557 silly ADD node_modules/@supabase/ssr
558 verbose cwd /Users/adithyakrishnan/problem fixer/newsletter-platform
559 verbose os Darwin 25.2.0
560 verbose node v24.12.0
561 verbose npm  v11.8.0
562 notice
562 notice New [33mminor[39m version of npm available! [33m11.8.0[39m -> [34m11.9.0[39m
562 notice Changelog: [34mhttps://github.com/npm/cli/releases/tag/v11.9.0[39m
562 notice To update run: [4mnpm install -g npm@11.9.0[24m
562 notice  { force: true, Symbol(proc-log.meta): true }
563 verbose exit 0
564 info ok
